app/build/outputs/logs/manifest-merger-debug-report.txt
-- Merging decision tree log ---
manifest
ADDED from AndroidManifest.xml:2:1
	package
		ADDED from AndroidManifest.xml:3:5
		INJECTED from AndroidManifest.xml:0:0
		INJECTED from AndroidManifest.xml:0:0
	android:versionName
		ADDED from AndroidManifest.xml:5:5
	android:versionCode
		ADDED from AndroidManifest.xml:4:5
		INJECTED from AndroidManifest.xml:0:0
		INJECTED from AndroidManifest.xml:0:0
	xmlns:android
		ADDED from AndroidManifest.xml:2:11
uses-sdk
ADDED from AndroidManifest.xml:7:5
	android:targetSdkVersion
		ADDED from AndroidManifest.xml:9:9
		INJECTED from AndroidManifest.xml:0:0
		INJECTED from AndroidManifest.xml:0:0
	android:minSdkVersion
		ADDED from AndroidManifest.xml:8:9
		INJECTED from AndroidManifest.xml:0:0
		INJECTED from AndroidManifest.xml:0:0
uses-permission#android.permission.INTERNET
ADDED from AndroidManifest.xml:11:5
	android:name
		ADDED from AndroidManifest.xml:11:22
uses-permission#android.permission.ACCESS_NETWORK_STATE
ADDED from AndroidManifest.xml:12:5
	android:name
		ADDED from AndroidManifest.xml:12:22
android:uses-permission#android.permission.WRITE_EXTERNAL_STORAGE
ADDED from AndroidManifest.xml:13:5
	android:maxSdkVersion
		ADDED from AndroidManifest.xml:15:9
	android:name
		ADDED from AndroidManifest.xml:14:9
android:uses-permission#android.permission.READ_PHONE_STATE
ADDED from AndroidManifest.xml:16:5
	android:name
		ADDED from AndroidManifest.xml:16:30
android:uses-permission#android.permission.READ_EXTERNAL_STORAGE
ADDED from AndroidManifest.xml:17:5
	android:maxSdkVersion
		ADDED from AndroidManifest.xml:19:9
	android:name
		ADDED from AndroidManifest.xml:18:9
application
ADDED from AndroidManifest.xml:21:5
	android:label
		ADDED from AndroidManifest.xml:23:9
	android:icon
		ADDED from AndroidManifest.xml:22:9
	android:theme
		ADDED from AndroidManifest.xml:24:9
activity#com.example.citysigthseeingturkey.splash
ADDED from AndroidManifest.xml:25:9
	android:label
		ADDED from AndroidManifest.xml:27:13
	android:name
		ADDED from AndroidManifest.xml:26:13
intent-filter#android.intent.action.MAIN+android.intent.category.LAUNCHER
ADDED from AndroidManifest.xml:28:13
action#android.intent.action.MAIN
ADDED from AndroidManifest.xml:29:17
	android:name
		ADDED from AndroidManifest.xml:29:25
category#android.intent.category.LAUNCHER
ADDED from AndroidManifest.xml:31:17
	android:name
		ADDED from AndroidManifest.xml:31:27
activity#com.example.citysigthseeingturkey.CitySightseeingTurkey
ADDED from AndroidManifest.xml:34:9
	android:label
		ADDED from AndroidManifest.xml:36:13
	android:name
		ADDED from AndroidManifest.xml:35:13
intent-filter#android.intent.category.DEFAULT+com.example.citysigthseeingturkey.EKRAN2
ADDED from AndroidManifest.xml:37:13
action#com.example.citysigthseeingturkey.EKRAN2
ADDED from AndroidManifest.xml:38:17
	android:name
		ADDED from AndroidManifest.xml:38:25
category#android.intent.category.DEFAULT
ADDED from AndroidManifest.xml:40:17
	android:name
		ADDED from AndroidManifest.xml:40:27
activity#com.example.citysigthseeingturkey.intent
ADDED from AndroidManifest.xml:43:9
	android:label
		ADDED from AndroidManifest.xml:45:13
	android:name
		ADDED from AndroidManifest.xml:44:13
intent-filter#android.intent.action.MAIN+android.intent.category.DEFAULT
ADDED from AndroidManifest.xml:46:13
activity#com.example.citysigthseeingturkey.ayasofya
ADDED from AndroidManifest.xml:52:9
	android:label
		ADDED from AndroidManifest.xml:54:13
	android:name
		ADDED from AndroidManifest.xml:53:13
activity#com.example.citysigthseeingturkey.ciragan
ADDED from AndroidManifest.xml:61:9
	android:label
		ADDED from AndroidManifest.xml:63:13
	android:name
		ADDED from AndroidManifest.xml:62:13
activity#com.example.citysigthseeingturkey.cistern
ADDED from AndroidManifest.xml:70:9
	android:label
		ADDED from AndroidManifest.xml:72:13
	android:name
		ADDED from AndroidManifest.xml:71:13
activity#com.example.citysigthseeingturkey.eminonu
ADDED from AndroidManifest.xml:79:9
	android:label
		ADDED from AndroidManifest.xml:81:13
	android:name
		ADDED from AndroidManifest.xml:80:13
activity#com.example.citysigthseeingturkey.four
ADDED from AndroidManifest.xml:88:9
	android:label
		ADDED from AndroidManifest.xml:90:13
	android:name
		ADDED from AndroidManifest.xml:89:13
activity#com.example.citysigthseeingturkey.ImageAdapter
ADDED from AndroidManifest.xml:97:9
	android:label
		ADDED from AndroidManifest.xml:99:13
	android:name
		ADDED from AndroidManifest.xml:98:13
activity#com.example.citysigthseeingturkey.marmara
ADDED from AndroidManifest.xml:106:9
	android:label
		ADDED from AndroidManifest.xml:108:13
	android:name
		ADDED from AndroidManifest.xml:107:13
activity#com.example.citysigthseeingturkey.ottoman
ADDED from AndroidManifest.xml:115:9
	android:label
		ADDED from AndroidManifest.xml:117:13
	android:name
		ADDED from AndroidManifest.xml:116:13
activity#com.example.citysigthseeingturkey.reina
ADDED from AndroidManifest.xml:124:9
	android:label
		ADDED from AndroidManifest.xml:126:13
	android:name
		ADDED from AndroidManifest.xml:125:13
activity#com.example.citysigthseeingturkey.sultanahmet
ADDED from AndroidManifest.xml:133:9
	android:label
		ADDED from AndroidManifest.xml:135:13
	android:name
		ADDED from AndroidManifest.xml:134:13
activity#com.example.citysigthseeingturkey.topkapi
ADDED from AndroidManifest.xml:142:9
	android:label
		ADDED from AndroidManifest.xml:144:13
	android:name
		ADDED from AndroidManifest.xml:143:13
activity#com.example.citysigthseeingturkey.villa
ADDED from AndroidManifest.xml:151:9
	android:label
		ADDED from AndroidManifest.xml:153:13
	android:name
		ADDED from AndroidManifest.xml:152:13
activity#com.example.citysigthseeingturkey.intentankara
ADDED from AndroidManifest.xml:160:9
	android:label
		ADDED from AndroidManifest.xml:162:13
	android:name
		ADDED from AndroidManifest.xml:161:13
activity#com.example.citysigthseeingturkey.anatolian
ADDED from AndroidManifest.xml:169:9
	android:label
		ADDED from AndroidManifest.xml:171:13
	android:name
		ADDED from AndroidManifest.xml:170:13
activity#com.example.citysigthseeingturkey.anitkabir
ADDED from AndroidManifest.xml:178:9
	android:label
		ADDED from AndroidManifest.xml:180:13
	android:name
		ADDED from AndroidManifest.xml:179:13
activity#com.example.citysigthseeingturkey.butcha
ADDED from AndroidManifest.xml:187:9
	android:label
		ADDED from AndroidManifest.xml:189:13
	android:name
		ADDED from AndroidManifest.xml:188:13
activity#com.example.citysigthseeingturkey.crowne
ADDED from AndroidManifest.xml:196:9
	android:label
		ADDED from AndroidManifest.xml:198:13
	android:name
		ADDED from AndroidManifest.xml:197:13
activity#com.example.citysigthseeingturkey.etnografya
ADDED from AndroidManifest.xml:205:9
	android:label
		ADDED from AndroidManifest.xml:207:13
	android:name
		ADDED from AndroidManifest.xml:206:13
activity#com.example.citysigthseeingturkey.haciarif
ADDED from AndroidManifest.xml:214:9
	android:label
		ADDED from AndroidManifest.xml:216:13
	android:name
		ADDED from AndroidManifest.xml:215:13
activity#com.example.citysigthseeingturkey.kale
ADDED from AndroidManifest.xml:223:9
	android:label
		ADDED from AndroidManifest.xml:225:13
	android:name
		ADDED from AndroidManifest.xml:224:13
activity#com.example.citysigthseeingturkey.kocatepe
ADDED from AndroidManifest.xml:232:9
	android:label
		ADDED from AndroidManifest.xml:234:13
	android:name
		ADDED from AndroidManifest.xml:233:13
activity#com.example.citysigthseeingturkey.marriot
ADDED from AndroidManifest.xml:241:9
	android:label
		ADDED from AndroidManifest.xml:243:13
	android:name
		ADDED from AndroidManifest.xml:242:13
activity#com.example.citysigthseeingturkey.mezzaluna
ADDED from AndroidManifest.xml:250:9
	android:label
		ADDED from AndroidManifest.xml:252:13
	android:name
		ADDED from AndroidManifest.xml:251:13
activity#com.example.citysigthseeingturkey.rixos
ADDED from AndroidManifest.xml:259:9
	android:label
		ADDED from AndroidManifest.xml:261:13
	android:name
		ADDED from AndroidManifest.xml:260:13
activity#com.example.citysigthseeingturkey.intentantalya
ADDED from AndroidManifest.xml:268:9
	android:label
		ADDED from AndroidManifest.xml:270:13
	android:name
		ADDED from AndroidManifest.xml:269:13
activity#com.example.citysigthseeingturkey.titanic
ADDED from AndroidManifest.xml:277:9
	android:label
		ADDED from AndroidManifest.xml:279:13
	android:name
		ADDED from AndroidManifest.xml:278:13
activity#com.example.citysigthseeingturkey.bistro
ADDED from AndroidManifest.xml:286:9
	android:label
		ADDED from AndroidManifest.xml:288:13
	android:name
		ADDED from AndroidManifest.xml:287:13
activity#com.example.citysigthseeingturkey.koprulu
ADDED from AndroidManifest.xml:295:9
	android:label
		ADDED from AndroidManifest.xml:297:13
	android:name
		ADDED from AndroidManifest.xml:296:13
activity#com.example.citysigthseeingturkey.kursunlu
ADDED from AndroidManifest.xml:304:9
	android:label
		ADDED from AndroidManifest.xml:306:13
	android:name
		ADDED from AndroidManifest.xml:305:13
activity#com.example.citysigthseeingturkey.lara
ADDED from AndroidManifest.xml:313:9
	android:label
		ADDED from AndroidManifest.xml:315:13
	android:name
		ADDED from AndroidManifest.xml:314:13
activity#com.example.citysigthseeingturkey.lounge
ADDED from AndroidManifest.xml:322:9
	android:label
		ADDED from AndroidManifest.xml:324:13
	android:name
		ADDED from AndroidManifest.xml:323:13
activity#com.example.citysigthseeingturkey.mardan
ADDED from AndroidManifest.xml:331:9
	android:label
		ADDED from AndroidManifest.xml:333:13
	android:name
		ADDED from AndroidManifest.xml:332:13
activity#com.example.citysigthseeingturkey.palace
ADDED from AndroidManifest.xml:340:9
	android:label
		ADDED from AndroidManifest.xml:342:13
	android:name
		ADDED from AndroidManifest.xml:341:13
activity#com.example.citysigthseeingturkey.perge
ADDED from AndroidManifest.xml:349:9
	android:label
		ADDED from AndroidManifest.xml:351:13
	android:name
		ADDED from AndroidManifest.xml:350:13
activity#com.example.citysigthseeingturkey.stellas
ADDED from AndroidManifest.xml:358:9
	android:label
		ADDED from AndroidManifest.xml:360:13
	android:name
		ADDED from AndroidManifest.xml:359:13
activity#com.example.citysigthseeingturkey.termesos
ADDED from AndroidManifest.xml:367:9
	android:label
		ADDED from AndroidManifest.xml:369:13
	android:name
		ADDED from AndroidManifest.xml:368:13
activity#com.example.citysigthseeingturkey.intentnevsehir
ADDED from AndroidManifest.xml:376:9
	android:label
		ADDED from AndroidManifest.xml:378:13
	android:name
		ADDED from AndroidManifest.xml:377:13
activity#com.example.citysigthseeingturkey.dayi
ADDED from AndroidManifest.xml:385:9
	android:label
		ADDED from AndroidManifest.xml:387:13
	android:name
		ADDED from AndroidManifest.xml:386:13
activity#com.example.citysigthseeingturkey.dedeman
ADDED from AndroidManifest.xml:394:9
	android:label
		ADDED from AndroidManifest.xml:396:13
	android:name
		ADDED from AndroidManifest.xml:395:13
activity#com.example.citysigthseeingturkey.derinkuyu
ADDED from AndroidManifest.xml:403:9
	android:label
		ADDED from AndroidManifest.xml:405:13
	android:name
		ADDED from AndroidManifest.xml:404:13
activity#com.example.citysigthseeingturkey.doubletree
ADDED from AndroidManifest.xml:412:9
	android:label
		ADDED from AndroidManifest.xml:414:13
	android:name
		ADDED from AndroidManifest.xml:413:13
activity#com.example.citysigthseeingturkey.goreme
ADDED from AndroidManifest.xml:421:9
	android:label
		ADDED from AndroidManifest.xml:423:13
	android:name
		ADDED from AndroidManifest.xml:422:13
activity#com.example.citysigthseeingturkey.han
ADDED from AndroidManifest.xml:430:9
	android:label
		ADDED from AndroidManifest.xml:432:13
	android:name
		ADDED from AndroidManifest.xml:431:13
activity#com.example.citysigthseeingturkey.hanedan
ADDED from AndroidManifest.xml:439:9
	android:label
		ADDED from AndroidManifest.xml:441:13
	android:name
		ADDED from AndroidManifest.xml:440:13
activity#com.example.citysigthseeingturkey.lila
ADDED from AndroidManifest.xml:448:9
	android:label
		ADDED from AndroidManifest.xml:450:13
	android:name
		ADDED from AndroidManifest.xml:449:13
activity#com.example.citysigthseeingturkey.peri
ADDED from AndroidManifest.xml:457:9
	android:label
		ADDED from AndroidManifest.xml:459:13
	android:name
		ADDED from AndroidManifest.xml:458:13
activity#com.example.citysigthseeingturkey.uchisar
ADDED from AndroidManifest.xml:466:9
	android:label
		ADDED from AndroidManifest.xml:468:13
	android:name
		ADDED from AndroidManifest.xml:467:13
activity#com.example.citysigthseeingturkey.urgup
ADDED from AndroidManifest.xml:475:9
	android:label
		ADDED from AndroidManifest.xml:477:13
	android:name
		ADDED from AndroidManifest.xml:476:13
activity#com.example.citysigthseeingturkey.intentmugla
ADDED from AndroidManifest.xml:484:9
	android:label
		ADDED from AndroidManifest.xml:486:13
	android:name
		ADDED from AndroidManifest.xml:485:13
activity#com.example.citysigthseeingturkey.oludeniz
ADDED from AndroidManifest.xml:493:9
	android:label
		ADDED from AndroidManifest.xml:495:13
	android:name
		ADDED from AndroidManifest.xml:494:13
activity#com.example.citysigthseeingturkey.dalyan
ADDED from AndroidManifest.xml:502:9
	android:label
		ADDED from AndroidManifest.xml:504:13
	android:name
		ADDED from AndroidManifest.xml:503:13
activity#com.example.citysigthseeingturkey.sakli
ADDED from AndroidManifest.xml:511:9
	android:label
		ADDED from AndroidManifest.xml:513:13
	android:name
		ADDED from AndroidManifest.xml:512:13
activity#com.example.citysigthseeingturkey.izztuzu
ADDED from AndroidManifest.xml:520:9
	android:label
		ADDED from AndroidManifest.xml:522:13
	android:name
		ADDED from AndroidManifest.xml:521:13
activity#com.example.citysigthseeingturkey.olitree
ADDED from AndroidManifest.xml:529:9
	android:label
		ADDED from AndroidManifest.xml:531:13
	android:name
		ADDED from AndroidManifest.xml:530:13
activity#com.example.citysigthseeingturkey.buzz
ADDED from AndroidManifest.xml:538:9
	android:label
		ADDED from AndroidManifest.xml:540:13
	android:name
		ADDED from AndroidManifest.xml:539:13
activity#com.example.citysigthseeingturkey.ssahmet
ADDED from AndroidManifest.xml:547:9
	android:label
		ADDED from AndroidManifest.xml:549:13
	android:name
		ADDED from AndroidManifest.xml:548:13
activity#com.example.citysigthseeingturkey.harry
ADDED from AndroidManifest.xml:556:9
	android:label
		ADDED from AndroidManifest.xml:558:13
	android:name
		ADDED from AndroidManifest.xml:557:13
activity#com.example.citysigthseeingturkey.crystal
ADDED from AndroidManifest.xml:565:9
	android:label
		ADDED from AndroidManifest.xml:567:13
	android:name
		ADDED from AndroidManifest.xml:566:13
activity#com.example.citysigthseeingturkey.labla
ADDED from AndroidManifest.xml:574:9
	android:label
		ADDED from AndroidManifest.xml:576:13
	android:name
		ADDED from AndroidManifest.xml:575:13
activity#com.example.citysigthseeingturkey.voyage
ADDED from AndroidManifest.xml:583:9
	android:label
		ADDED from AndroidManifest.xml:585:13
	android:name
		ADDED from AndroidManifest.xml:584:13
activity#com.example.citysigthseeingturkey.intenteskisehir
ADDED from AndroidManifest.xml:592:9
	android:label
		ADDED from AndroidManifest.xml:594:13
	android:name
		ADDED from AndroidManifest.xml:593:13
activity#com.example.citysigthseeingturkey.aciktim
ADDED from AndroidManifest.xml:601:9
	android:label
		ADDED from AndroidManifest.xml:603:13
	android:name
		ADDED from AndroidManifest.xml:602:13
activity#com.example.citysigthseeingturkey.anemon
ADDED from AndroidManifest.xml:610:9
	android:label
		ADDED from AndroidManifest.xml:612:13
	android:name
		ADDED from AndroidManifest.xml:611:13
activity#com.example.citysigthseeingturkey.atlihan
ADDED from AndroidManifest.xml:619:9
	android:label
		ADDED from AndroidManifest.xml:621:13
	android:name
		ADDED from AndroidManifest.xml:620:13
activity#com.example.citysigthseeingturkey.dedepark
ADDED from AndroidManifest.xml:628:9
	android:label
		ADDED from AndroidManifest.xml:630:13
	android:name
		ADDED from AndroidManifest.xml:629:13
activity#com.example.citysigthseeingturkey.havelka
ADDED from AndroidManifest.xml:637:9
	android:label
		ADDED from AndroidManifest.xml:639:13
	android:name
		ADDED from AndroidManifest.xml:638:13
activity#com.example.citysigthseeingturkey.kircicegi
ADDED from AndroidManifest.xml:646:9
	android:label
		ADDED from AndroidManifest.xml:648:13
	android:name
		ADDED from AndroidManifest.xml:647:13
activity#com.example.citysigthseeingturkey.kursunlu1
ADDED from AndroidManifest.xml:655:9
	android:label
		ADDED from AndroidManifest.xml:657:13
	android:name
		ADDED from AndroidManifest.xml:656:13
activity#com.example.citysigthseeingturkey.odunpazari
ADDED from AndroidManifest.xml:664:9
	android:label
		ADDED from AndroidManifest.xml:666:13
	android:name
		ADDED from AndroidManifest.xml:665:13
activity#com.example.citysigthseeingturkey.traveler
ADDED from AndroidManifest.xml:673:9
	android:label
		ADDED from AndroidManifest.xml:675:13
	android:name
		ADDED from AndroidManifest.xml:674:13
activity#com.example.citysigthseeingturkey.verman
ADDED from AndroidManifest.xml:682:9
	android:label
		ADDED from AndroidManifest.xml:684:13
	android:name
		ADDED from AndroidManifest.xml:683:13
activity#com.example.citysigthseeingturkey.yazilikaya
ADDED from AndroidManifest.xml:691:9
	android:label
		ADDED from AndroidManifest.xml:693:13
	android:name
		ADDED from AndroidManifest.xml:692:13
activity#com.example.citysigthseeingturkey.mekan_detay
ADDED from AndroidManifest.xml:700:9
	android:label
		ADDED from AndroidManifest.xml:702:13
	android:name
		ADDED from AndroidManifest.xml:701:13